Flow report for adc_serial_control
Thu Jun 14 15:42:48 2018
Quartus II Version 10.0 Build 218 06/27/2010 SJ Web Edition


---------------------
; Table of Contents ;
---------------------
  1. Legal Notice
  2. Flow Summary
  3. Flow Settings
  4. Flow Non-Default Global Settings
  5. Flow Elapsed Time
  6. Flow OS Summary
  7. Flow Log



----------------
; Legal Notice ;
----------------
Copyright (C) 1991-2010 Altera Corporation
Your use of Altera Corporation's design tools, logic functions 
and other software and tools, and its AMPP partner logic 
functions, and any output files from any of the foregoing 
(including device programming or simulation files), and any 
associated documentation or information are expressly subject 
to the terms and conditions of the Altera Program License 
Subscription Agreement, Altera MegaCore Function License 
Agreement, or other applicable license agreement, including, 
without limitation, that your use is for the sole purpose of 
programming logic devices manufactured by Altera and sold by 
Altera or its authorized distributors.  Please refer to the 
applicable agreement for further details.



+-------------------------------------------------------------------------------+
; Flow Summary                                                                  ;
+------------------------------------+------------------------------------------+
; Flow Status                        ; Successful - Thu Jun 14 15:41:23 2018    ;
; Quartus II Version                 ; 10.0 Build 218 06/27/2010 SJ Web Edition ;
; Revision Name                      ; adc_serial_control                       ;
; Top-level Entity Name              ; adc_serial_control3                      ;
; Family                             ; Cyclone IV E                             ;
; Device                             ; EP4CE22F17C6                             ;
; Timing Models                      ; Final                                    ;
; Met timing requirements            ; N/A                                      ;
; Total logic elements               ; 2,039 / 22,320 ( 9 % )                   ;
;     Total combinational functions  ; 2,025 / 22,320 ( 9 % )                   ;
;     Dedicated logic registers      ; 107 / 22,320 ( < 1 % )                   ;
; Total registers                    ; 107                                      ;
; Total pins                         ; 62 / 154 ( 40 % )                        ;
; Total virtual pins                 ; 0                                        ;
; Total memory bits                  ; 0 / 608,256 ( 0 % )                      ;
; Embedded Multiplier 9-bit elements ; 10 / 132 ( 8 % )                         ;
; Total PLLs                         ; 0 / 4 ( 0 % )                            ;
+------------------------------------+------------------------------------------+


+-----------------------------------------+
; Flow Settings                           ;
+-------------------+---------------------+
; Option            ; Setting             ;
+-------------------+---------------------+
; Start date & time ; 06/14/2018 15:40:34 ;
; Main task         ; Compilation         ;
; Revision Name     ; adc_serial_control  ;
+-------------------+---------------------+


+------------------------------------------------------------------------------------------------------------------------------------------------------------+
; Flow Non-Default Global Settings                                                                                                                           ;
+-------------------------------------+--------------------------------------------------------------+--------------------+---------------------+------------+
; Assignment Name                     ; Value                                                        ; Default Value      ; Entity Name         ; Section Id ;
+-------------------------------------+--------------------------------------------------------------+--------------------+---------------------+------------+
; COMPILER_SIGNATURE_ID               ; 220812851667255.152898003408980                              ; --                 ; --                  ; --         ;
; MAX_CORE_JUNCTION_TEMP              ; 85                                                           ; --                 ; --                  ; --         ;
; MIN_CORE_JUNCTION_TEMP              ; 0                                                            ; --                 ; --                  ; --         ;
; MISC_FILE                           ; C:/Users/hp/Desktop/Quartus/adcserial/adc_serial_control.dpf ; --                 ; --                  ; --         ;
; NOMINAL_CORE_SUPPLY_VOLTAGE         ; 1.2V                                                         ; --                 ; --                  ; --         ;
; PARTITION_COLOR                     ; 16764057                                                     ; --                 ; adc_serial_control3 ; Top        ;
; PARTITION_FITTER_PRESERVATION_LEVEL ; PLACEMENT_AND_ROUTING                                        ; --                 ; adc_serial_control3 ; Top        ;
; PARTITION_NETLIST_TYPE              ; SOURCE                                                       ; --                 ; adc_serial_control3 ; Top        ;
; TOP_LEVEL_ENTITY                    ; adc_serial_control3                                          ; adc_serial_control ; --                  ; --         ;
+-------------------------------------+--------------------------------------------------------------+--------------------+---------------------+------------+


+-------------------------------------------------------------------------------------------------------------------------------+
; Flow Elapsed Time                                                                                                             ;
+---------------------------+--------------+-------------------------+---------------------+------------------------------------+
; Module Name               ; Elapsed Time ; Average Processors Used ; Peak Virtual Memory ; Total CPU Time (on all processors) ;
+---------------------------+--------------+-------------------------+---------------------+------------------------------------+
; Analysis & Synthesis      ; 00:00:17     ; 1.0                     ; 357 MB              ; 00:00:18                           ;
; Fitter                    ; 00:00:24     ; 1.0                     ; 397 MB              ; 00:00:24                           ;
; Assembler                 ; 00:00:04     ; 1.0                     ; 300 MB              ; 00:00:04                           ;
; TimeQuest Timing Analyzer ; 00:01:29     ; 1.0                     ; 338 MB              ; 00:01:28                           ;
; Total                     ; 00:02:14     ; --                      ; --                  ; 00:02:14                           ;
+---------------------------+--------------+-------------------------+---------------------+------------------------------------+


+--------------------------------------------------------------------------------------------+
; Flow OS Summary                                                                            ;
+---------------------------+------------------+---------------+------------+----------------+
; Module Name               ; Machine Hostname ; OS Name       ; OS Version ; Processor type ;
+---------------------------+------------------+---------------+------------+----------------+
; Analysis & Synthesis      ; DESKTOP-O7PMJMA  ; Windows Vista ; 6.2        ; x86_64         ;
; Fitter                    ; DESKTOP-O7PMJMA  ; Windows Vista ; 6.2        ; x86_64         ;
; Assembler                 ; DESKTOP-O7PMJMA  ; Windows Vista ; 6.2        ; x86_64         ;
; TimeQuest Timing Analyzer ; DESKTOP-O7PMJMA  ; Windows Vista ; 6.2        ; x86_64         ;
+---------------------------+------------------+---------------+------------+----------------+


------------
; Flow Log ;
------------
quartus_map --read_settings_files=on --write_settings_files=off adc_serial_control -c adc_serial_control
quartus_fit --read_settings_files=off --write_settings_files=off adc_serial_control -c adc_serial_control
quartus_asm --read_settings_files=off --write_settings_files=off adc_serial_control -c adc_serial_control
quartus_sta adc_serial_control -c adc_serial_control



